2025-11-09 19:55:44,131 [ERROR] [flaml.import] ModuleNotFoundError: No module named 'flaml'
Traceback (most recent call last):
  File "/Users/AlexisGauthronMarq/AlexisGauthron/Projets_solo/IA_create_IA_cate/src/autoML/all_autoML.py", line 72, in flaml
    import src.autoML.flaml as auto_flaml
  File "/Users/AlexisGauthronMarq/AlexisGauthron/Projets_solo/IA_create_IA_cate/src/autoML/flaml.py", line 1, in <module>
    from flaml import AutoML
ModuleNotFoundError: No module named 'flaml'

2025-11-09 19:55:44,132 [ERROR] [autogluon.import] ModuleNotFoundError: No module named 'autogluon'
Traceback (most recent call last):
  File "/Users/AlexisGauthronMarq/AlexisGauthron/Projets_solo/IA_create_IA_cate/src/autoML/all_autoML.py", line 100, in autogluon
    import src.autoML.autogluon as auto_gluon
  File "/Users/AlexisGauthronMarq/AlexisGauthron/Projets_solo/IA_create_IA_cate/src/autoML/autogluon.py", line 2, in <module>
    from autogluon.tabular import TabularPredictor
ModuleNotFoundError: No module named 'autogluon'

2025-11-09 19:55:44,132 [ERROR] [tpot.import] ModuleNotFoundError: No module named 'tpot'
Traceback (most recent call last):
  File "/Users/AlexisGauthronMarq/AlexisGauthron/Projets_solo/IA_create_IA_cate/src/autoML/all_autoML.py", line 126, in tpot
    import src.autoML.tpot1 as auto_tpot
  File "/Users/AlexisGauthronMarq/AlexisGauthron/Projets_solo/IA_create_IA_cate/src/autoML/tpot1.py", line 1, in <module>
    from tpot import TPOTClassifier
ModuleNotFoundError: No module named 'tpot'

2025-11-09 19:55:44,133 [ERROR] [h2o.import] ModuleNotFoundError: No module named 'h2o'
Traceback (most recent call last):
  File "/Users/AlexisGauthronMarq/AlexisGauthron/Projets_solo/IA_create_IA_cate/src/autoML/all_autoML.py", line 159, in h2o
    import src.autoML.h2o as auto_h2o
  File "/Users/AlexisGauthronMarq/AlexisGauthron/Projets_solo/IA_create_IA_cate/src/autoML/h2o.py", line 2, in <module>
    import h2o
ModuleNotFoundError: No module named 'h2o'

